Analysis & Synthesis report for FPGA_EXP3
Mon Oct 28 14:28:17 2024
Quartus II 64-Bit Version 13.0.1 Build 232 06/12/2013 Service Pack 1 SJ Full Version


---------------------
; Table of Contents ;
---------------------
  1. Legal Notice
  2. Analysis & Synthesis Summary
  3. Analysis & Synthesis Settings
  4. Parallel Compilation
  5. Analysis & Synthesis Source Files Read
  6. Analysis & Synthesis Resource Usage Summary
  7. Analysis & Synthesis Resource Utilization by Entity
  8. State Machine - |FPGA_EXP3|seq_detector:detector|st
  9. State Machine - |FPGA_EXP3|seq_generator_2:gen2|st
 10. State Machine - |FPGA_EXP3|seq_generator:gen1|st
 11. Registers Removed During Synthesis
 12. General Register Statistics
 13. Multiplexer Restructuring Statistics (Restructuring Performed)
 14. Parameter Settings for User Entity Instance: seq_generator:gen1
 15. Parameter Settings for User Entity Instance: seq_generator_2:gen2
 16. Parameter Settings for User Entity Instance: seq_detector:detector
 17. Elapsed Time Per Partition
 18. Analysis & Synthesis Messages



----------------
; Legal Notice ;
----------------
Copyright (C) 1991-2013 Altera Corporation
Your use of Altera Corporation's design tools, logic functions 
and other software and tools, and its AMPP partner logic 
functions, and any output files from any of the foregoing 
(including device programming or simulation files), and any 
associated documentation or information are expressly subject 
to the terms and conditions of the Altera Program License 
Subscription Agreement, Altera MegaCore Function License 
Agreement, or other applicable license agreement, including, 
without limitation, that your use is for the sole purpose of 
programming logic devices manufactured by Altera and sold by 
Altera or its authorized distributors.  Please refer to the 
applicable agreement for further details.



+----------------------------------------------------------------------------------------+
; Analysis & Synthesis Summary                                                           ;
+-------------------------------------+--------------------------------------------------+
; Analysis & Synthesis Status         ; Successful - Mon Oct 28 14:28:17 2024            ;
; Quartus II 64-Bit Version           ; 13.0.1 Build 232 06/12/2013 SP 1 SJ Full Version ;
; Revision Name                       ; FPGA_EXP3                                        ;
; Top-level Entity Name               ; FPGA_EXP3                                        ;
; Family                              ; Cyclone V                                        ;
; Logic utilization (in ALMs)         ; N/A                                              ;
; Total registers                     ; 59                                               ;
; Total pins                          ; 8                                                ;
; Total virtual pins                  ; 0                                                ;
; Total block memory bits             ; 0                                                ;
; Total DSP Blocks                    ; 0                                                ;
; Total HSSI RX PCSs                  ; 0                                                ;
; Total HSSI PMA RX Deserializers     ; 0                                                ;
; Total HSSI PMA RX ATT Deserializers ; 0                                                ;
; Total HSSI TX PCSs                  ; 0                                                ;
; Total HSSI PMA TX Serializers       ; 0                                                ;
; Total HSSI PMA TX ATT Serializers   ; 0                                                ;
; Total PLLs                          ; 0                                                ;
; Total DLLs                          ; 0                                                ;
+-------------------------------------+--------------------------------------------------+


+---------------------------------------------------------------------------------------------------------------------------+
; Analysis & Synthesis Settings                                                                                             ;
+---------------------------------------------------------------------------------+--------------------+--------------------+
; Option                                                                          ; Setting            ; Default Value      ;
+---------------------------------------------------------------------------------+--------------------+--------------------+
; Device                                                                          ; 5CEFA2F23C8        ;                    ;
; Top-level entity name                                                           ; FPGA_EXP3          ; FPGA_EXP3          ;
; Family name                                                                     ; Cyclone V          ; Cyclone IV GX      ;
; Use smart compilation                                                           ; Off                ; Off                ;
; Enable parallel Assembler and TimeQuest Timing Analyzer during compilation      ; On                 ; On                 ;
; Enable compact report table                                                     ; Off                ; Off                ;
; Restructure Multiplexers                                                        ; Auto               ; Auto               ;
; MLAB Add Timing Constraints For Mixed-Port Feed-Through Mode Setting Don't Care ; Off                ; Off                ;
; Create Debugging Nodes for IP Cores                                             ; Off                ; Off                ;
; Preserve fewer node names                                                       ; On                 ; On                 ;
; Disable OpenCore Plus hardware evaluation                                       ; Off                ; Off                ;
; Verilog Version                                                                 ; Verilog_2001       ; Verilog_2001       ;
; VHDL Version                                                                    ; VHDL_1993          ; VHDL_1993          ;
; State Machine Processing                                                        ; Auto               ; Auto               ;
; Safe State Machine                                                              ; Off                ; Off                ;
; Extract Verilog State Machines                                                  ; On                 ; On                 ;
; Extract VHDL State Machines                                                     ; On                 ; On                 ;
; Ignore Verilog initial constructs                                               ; Off                ; Off                ;
; Iteration limit for constant Verilog loops                                      ; 5000               ; 5000               ;
; Iteration limit for non-constant Verilog loops                                  ; 250                ; 250                ;
; Add Pass-Through Logic to Inferred RAMs                                         ; On                 ; On                 ;
; Infer RAMs from Raw Logic                                                       ; On                 ; On                 ;
; Parallel Synthesis                                                              ; On                 ; On                 ;
; DSP Block Balancing                                                             ; Auto               ; Auto               ;
; NOT Gate Push-Back                                                              ; On                 ; On                 ;
; Power-Up Don't Care                                                             ; On                 ; On                 ;
; Remove Redundant Logic Cells                                                    ; Off                ; Off                ;
; Remove Duplicate Registers                                                      ; On                 ; On                 ;
; Ignore CARRY Buffers                                                            ; Off                ; Off                ;
; Ignore CASCADE Buffers                                                          ; Off                ; Off                ;
; Ignore GLOBAL Buffers                                                           ; Off                ; Off                ;
; Ignore ROW GLOBAL Buffers                                                       ; Off                ; Off                ;
; Ignore LCELL Buffers                                                            ; Off                ; Off                ;
; Ignore SOFT Buffers                                                             ; On                 ; On                 ;
; Limit AHDL Integers to 32 Bits                                                  ; Off                ; Off                ;
; Optimization Technique                                                          ; Balanced           ; Balanced           ;
; Carry Chain Length                                                              ; 70                 ; 70                 ;
; Auto Carry Chains                                                               ; On                 ; On                 ;
; Auto Open-Drain Pins                                                            ; On                 ; On                 ;
; Perform WYSIWYG Primitive Resynthesis                                           ; Off                ; Off                ;
; Auto ROM Replacement                                                            ; On                 ; On                 ;
; Auto RAM Replacement                                                            ; On                 ; On                 ;
; Auto DSP Block Replacement                                                      ; On                 ; On                 ;
; Auto Shift Register Replacement                                                 ; Auto               ; Auto               ;
; Allow Shift Register Merging across Hierarchies                                 ; Auto               ; Auto               ;
; Auto Clock Enable Replacement                                                   ; On                 ; On                 ;
; Strict RAM Replacement                                                          ; Off                ; Off                ;
; Allow Synchronous Control Signals                                               ; On                 ; On                 ;
; Force Use of Synchronous Clear Signals                                          ; Off                ; Off                ;
; Auto Resource Sharing                                                           ; Off                ; Off                ;
; Allow Any RAM Size For Recognition                                              ; Off                ; Off                ;
; Allow Any ROM Size For Recognition                                              ; Off                ; Off                ;
; Allow Any Shift Register Size For Recognition                                   ; Off                ; Off                ;
; Use LogicLock Constraints during Resource Balancing                             ; On                 ; On                 ;
; Ignore translate_off and synthesis_off directives                               ; Off                ; Off                ;
; Timing-Driven Synthesis                                                         ; On                 ; On                 ;
; Report Parameter Settings                                                       ; On                 ; On                 ;
; Report Source Assignments                                                       ; On                 ; On                 ;
; Report Connectivity Checks                                                      ; On                 ; On                 ;
; Ignore Maximum Fan-Out Assignments                                              ; Off                ; Off                ;
; Synchronization Register Chain Length                                           ; 3                  ; 3                  ;
; PowerPlay Power Optimization                                                    ; Normal compilation ; Normal compilation ;
; HDL message level                                                               ; Level2             ; Level2             ;
; Suppress Register Optimization Related Messages                                 ; Off                ; Off                ;
; Number of Removed Registers Reported in Synthesis Report                        ; 5000               ; 5000               ;
; Number of Swept Nodes Reported in Synthesis Report                              ; 5000               ; 5000               ;
; Number of Inverted Registers Reported in Synthesis Report                       ; 100                ; 100                ;
; Clock MUX Protection                                                            ; On                 ; On                 ;
; Auto Gated Clock Conversion                                                     ; Off                ; Off                ;
; Block Design Naming                                                             ; Auto               ; Auto               ;
; SDC constraint protection                                                       ; Off                ; Off                ;
; Synthesis Effort                                                                ; Auto               ; Auto               ;
; Shift Register Replacement - Allow Asynchronous Clear Signal                    ; On                 ; On                 ;
; Pre-Mapping Resynthesis Optimization                                            ; Off                ; Off                ;
; Analysis & Synthesis Message Level                                              ; Medium             ; Medium             ;
; Disable Register Merging Across Hierarchies                                     ; Auto               ; Auto               ;
; Resource Aware Inference For Block RAM                                          ; On                 ; On                 ;
; Synthesis Seed                                                                  ; 1                  ; 1                  ;
; Automatic Parallel Synthesis                                                    ; Off                ; Off                ;
+---------------------------------------------------------------------------------+--------------------+--------------------+


+------------------------------------------+
; Parallel Compilation                     ;
+----------------------------+-------------+
; Processors                 ; Number      ;
+----------------------------+-------------+
; Number detected on machine ; 16          ;
; Maximum allowed            ; 12          ;
;                            ;             ;
; Average used               ; 1.00        ;
; Maximum used               ; 1           ;
;                            ;             ;
; Usage by Processor         ; % Time Used ;
;     Processor 1            ; 100.0%      ;
;     Processors 2-16        ;   0.0%      ;
+----------------------------+-------------+


+----------------------------------------------------------------------------------------------------------------------------------------+
; Analysis & Synthesis Source Files Read                                                                                                 ;
+----------------------------------+-----------------+------------------------------+------------------------------------------+---------+
; File Name with User-Entered Path ; Used in Netlist ; File Type                    ; File Name with Absolute Path             ; Library ;
+----------------------------------+-----------------+------------------------------+------------------------------------------+---------+
; fpga_exp3.v                      ; yes             ; Auto-Found Verilog HDL File  ; D:/Codes/quartusII/FPGA_EXP3/fpga_exp3.v ;         ;
+----------------------------------+-----------------+------------------------------+------------------------------------------+---------+


+---------------------------------------------------------+
; Analysis & Synthesis Resource Usage Summary             ;
+---------------------------------------------+-----------+
; Resource                                    ; Usage     ;
+---------------------------------------------+-----------+
; Estimate of Logic utilization (ALMs needed) ; 37        ;
;                                             ;           ;
; Combinational ALUT usage for logic          ; 66        ;
;     -- 7 input functions                    ; 1         ;
;     -- 6 input functions                    ; 4         ;
;     -- 5 input functions                    ; 5         ;
;     -- 4 input functions                    ; 18        ;
;     -- <=3 input functions                  ; 38        ;
;                                             ;           ;
; Dedicated logic registers                   ; 59        ;
;                                             ;           ;
; I/O pins                                    ; 8         ;
; Total DSP Blocks                            ; 0         ;
; Maximum fan-out node                        ; rst~input ;
; Maximum fan-out                             ; 59        ;
; Total fan-out                               ; 424       ;
; Average fan-out                             ; 3.01      ;
+---------------------------------------------+-----------+


+------------------------------------------------------------------------------------------------------------------------------------------------------------------------+
; Analysis & Synthesis Resource Utilization by Entity                                                                                                                    ;
+----------------------------+-------------------+--------------+-------------------+------------+------+--------------+----------------------------------+--------------+
; Compilation Hierarchy Node ; LC Combinationals ; LC Registers ; Block Memory Bits ; DSP Blocks ; Pins ; Virtual Pins ; Full Hierarchy Name              ; Library Name ;
+----------------------------+-------------------+--------------+-------------------+------------+------+--------------+----------------------------------+--------------+
; |FPGA_EXP3                 ; 66 (0)            ; 59 (0)       ; 0                 ; 0          ; 8    ; 0            ; |FPGA_EXP3                       ; work         ;
;    |div50MHZ:div|          ; 46 (46)           ; 33 (33)      ; 0                 ; 0          ; 0    ; 0            ; |FPGA_EXP3|div50MHZ:div          ; work         ;
;    |seq_detector:detector| ; 16 (16)           ; 15 (15)      ; 0                 ; 0          ; 0    ; 0            ; |FPGA_EXP3|seq_detector:detector ; work         ;
;    |seq_generator:gen1|    ; 3 (3)             ; 10 (10)      ; 0                 ; 0          ; 0    ; 0            ; |FPGA_EXP3|seq_generator:gen1    ; work         ;
;    |seq_generator_2:gen2|  ; 1 (1)             ; 1 (1)        ; 0                 ; 0          ; 0    ; 0            ; |FPGA_EXP3|seq_generator_2:gen2  ; work         ;
+----------------------------+-------------------+--------------+-------------------+------------+------+--------------+----------------------------------+--------------+
Note: For table entries with two numbers listed, the numbers in parentheses indicate the number of resources of the given type used by the specific entity alone. The numbers listed outside of parentheses indicate the total resources of the given type used by the specific entity and all of its sub-entities in the hierarchy.


Encoding Type:  One-Hot
+---------------------------------------------------------------------------------------+
; State Machine - |FPGA_EXP3|seq_detector:detector|st                                   ;
+-------+-------+-------+-------+-------+-------+-------+-------+-------+-------+-------+
; Name  ; st.s9 ; st.s8 ; st.s7 ; st.s6 ; st.s5 ; st.s4 ; st.s3 ; st.s2 ; st.s1 ; st.s0 ;
+-------+-------+-------+-------+-------+-------+-------+-------+-------+-------+-------+
; st.s0 ; 0     ; 0     ; 0     ; 0     ; 0     ; 0     ; 0     ; 0     ; 0     ; 0     ;
; st.s1 ; 0     ; 0     ; 0     ; 0     ; 0     ; 0     ; 0     ; 0     ; 1     ; 1     ;
; st.s2 ; 0     ; 0     ; 0     ; 0     ; 0     ; 0     ; 0     ; 1     ; 0     ; 1     ;
; st.s3 ; 0     ; 0     ; 0     ; 0     ; 0     ; 0     ; 1     ; 0     ; 0     ; 1     ;
; st.s4 ; 0     ; 0     ; 0     ; 0     ; 0     ; 1     ; 0     ; 0     ; 0     ; 1     ;
; st.s5 ; 0     ; 0     ; 0     ; 0     ; 1     ; 0     ; 0     ; 0     ; 0     ; 1     ;
; st.s6 ; 0     ; 0     ; 0     ; 1     ; 0     ; 0     ; 0     ; 0     ; 0     ; 1     ;
; st.s7 ; 0     ; 0     ; 1     ; 0     ; 0     ; 0     ; 0     ; 0     ; 0     ; 1     ;
; st.s8 ; 0     ; 1     ; 0     ; 0     ; 0     ; 0     ; 0     ; 0     ; 0     ; 1     ;
; st.s9 ; 1     ; 0     ; 0     ; 0     ; 0     ; 0     ; 0     ; 0     ; 0     ; 1     ;
+-------+-------+-------+-------+-------+-------+-------+-------+-------+-------+-------+


Encoding Type:  One-Hot
+-------------------------------------------------------------------------------+
; State Machine - |FPGA_EXP3|seq_generator_2:gen2|st                            ;
+-------+-------+-------+-------+-------+-------+-------+-------+-------+-------+
; Name  ; st.s7 ; st.s6 ; st.s5 ; st.s4 ; st.s3 ; st.s2 ; st.s1 ; st.s0 ; st.s8 ;
+-------+-------+-------+-------+-------+-------+-------+-------+-------+-------+
; st.s0 ; 0     ; 0     ; 0     ; 0     ; 0     ; 0     ; 0     ; 0     ; 0     ;
; st.s1 ; 0     ; 0     ; 0     ; 0     ; 0     ; 0     ; 1     ; 1     ; 0     ;
; st.s2 ; 0     ; 0     ; 0     ; 0     ; 0     ; 1     ; 0     ; 1     ; 0     ;
; st.s3 ; 0     ; 0     ; 0     ; 0     ; 1     ; 0     ; 0     ; 1     ; 0     ;
; st.s4 ; 0     ; 0     ; 0     ; 1     ; 0     ; 0     ; 0     ; 1     ; 0     ;
; st.s5 ; 0     ; 0     ; 1     ; 0     ; 0     ; 0     ; 0     ; 1     ; 0     ;
; st.s6 ; 0     ; 1     ; 0     ; 0     ; 0     ; 0     ; 0     ; 1     ; 0     ;
; st.s7 ; 1     ; 0     ; 0     ; 0     ; 0     ; 0     ; 0     ; 1     ; 0     ;
; st.s8 ; 0     ; 0     ; 0     ; 0     ; 0     ; 0     ; 0     ; 1     ; 1     ;
+-------+-------+-------+-------+-------+-------+-------+-------+-------+-------+


Encoding Type:  One-Hot
+-------------------------------------------------------------------------------+
; State Machine - |FPGA_EXP3|seq_generator:gen1|st                              ;
+-------+-------+-------+-------+-------+-------+-------+-------+-------+-------+
; Name  ; st.s7 ; st.s6 ; st.s5 ; st.s4 ; st.s3 ; st.s2 ; st.s1 ; st.s0 ; st.s8 ;
+-------+-------+-------+-------+-------+-------+-------+-------+-------+-------+
; st.s0 ; 0     ; 0     ; 0     ; 0     ; 0     ; 0     ; 0     ; 0     ; 0     ;
; st.s1 ; 0     ; 0     ; 0     ; 0     ; 0     ; 0     ; 1     ; 1     ; 0     ;
; st.s2 ; 0     ; 0     ; 0     ; 0     ; 0     ; 1     ; 0     ; 1     ; 0     ;
; st.s3 ; 0     ; 0     ; 0     ; 0     ; 1     ; 0     ; 0     ; 1     ; 0     ;
; st.s4 ; 0     ; 0     ; 0     ; 1     ; 0     ; 0     ; 0     ; 1     ; 0     ;
; st.s5 ; 0     ; 0     ; 1     ; 0     ; 0     ; 0     ; 0     ; 1     ; 0     ;
; st.s6 ; 0     ; 1     ; 0     ; 0     ; 0     ; 0     ; 0     ; 1     ; 0     ;
; st.s7 ; 1     ; 0     ; 0     ; 0     ; 0     ; 0     ; 0     ; 1     ; 0     ;
; st.s8 ; 0     ; 0     ; 0     ; 0     ; 0     ; 0     ; 0     ; 1     ; 1     ;
+-------+-------+-------+-------+-------+-------+-------+-------+-------+-------+


+-------------------------------------------------------------------------------+
; Registers Removed During Synthesis                                            ;
+----------------------------------------+--------------------------------------+
; Register name                          ; Reason for Removal                   ;
+----------------------------------------+--------------------------------------+
; seq_detector:detector|st~4             ; Lost fanout                          ;
; seq_detector:detector|st~5             ; Lost fanout                          ;
; seq_detector:detector|st~6             ; Lost fanout                          ;
; seq_detector:detector|st~7             ; Lost fanout                          ;
; seq_generator_2:gen2|st~4              ; Lost fanout                          ;
; seq_generator_2:gen2|st~5              ; Lost fanout                          ;
; seq_generator_2:gen2|st~6              ; Lost fanout                          ;
; seq_generator:gen1|st~4                ; Lost fanout                          ;
; seq_generator:gen1|st~5                ; Lost fanout                          ;
; seq_generator:gen1|st~6                ; Lost fanout                          ;
; seq_generator_2:gen2|st.s0             ; Merged with seq_generator:gen1|st.s0 ;
; seq_generator_2:gen2|st.s1             ; Merged with seq_generator:gen1|st.s1 ;
; seq_generator_2:gen2|st.s5             ; Merged with seq_generator:gen1|st.s5 ;
; seq_generator_2:gen2|st.s6             ; Merged with seq_generator:gen1|st.s6 ;
; seq_generator_2:gen2|st.s3             ; Merged with seq_generator:gen1|st.s3 ;
; seq_generator_2:gen2|st.s8             ; Merged with seq_generator:gen1|st.s8 ;
; seq_generator_2:gen2|st.s4             ; Merged with seq_generator:gen1|st.s4 ;
; seq_generator_2:gen2|st.s2             ; Merged with seq_generator:gen1|st.s2 ;
; seq_generator_2:gen2|st.s7             ; Merged with seq_generator:gen1|st.s7 ;
; Total Number of Removed Registers = 19 ;                                      ;
+----------------------------------------+--------------------------------------+


+------------------------------------------------------+
; General Register Statistics                          ;
+----------------------------------------------+-------+
; Statistic                                    ; Value ;
+----------------------------------------------+-------+
; Total registers                              ; 59    ;
; Number of registers using Synchronous Clear  ; 32    ;
; Number of registers using Synchronous Load   ; 0     ;
; Number of registers using Asynchronous Clear ; 52    ;
; Number of registers using Asynchronous Load  ; 0     ;
; Number of registers using Clock Enable       ; 7     ;
; Number of registers using Preset             ; 0     ;
+----------------------------------------------+-------+


+-----------------------------------------------------------------------------------------------------------------------------------------------+
; Multiplexer Restructuring Statistics (Restructuring Performed)                                                                                ;
+--------------------+-----------+---------------+----------------------+------------------------+------------+---------------------------------+
; Multiplexer Inputs ; Bus Width ; Baseline Area ; Area if Restructured ; Saving if Restructured ; Registered ; Example Multiplexer Output      ;
+--------------------+-----------+---------------+----------------------+------------------------+------------+---------------------------------+
; 3:1                ; 32 bits   ; 64 LEs        ; 0 LEs                ; 64 LEs                 ; Yes        ; |FPGA_EXP3|div50MHZ:div|cnt[19] ;
+--------------------+-----------+---------------+----------------------+------------------------+------------+---------------------------------+


+-----------------------------------------------------------------+
; Parameter Settings for User Entity Instance: seq_generator:gen1 ;
+----------------+-------+----------------------------------------+
; Parameter Name ; Value ; Type                                   ;
+----------------+-------+----------------------------------------+
; s0             ; 0     ; Signed Integer                         ;
; s1             ; 1     ; Signed Integer                         ;
; s2             ; 2     ; Signed Integer                         ;
; s3             ; 3     ; Signed Integer                         ;
; s4             ; 4     ; Signed Integer                         ;
; s5             ; 5     ; Signed Integer                         ;
; s6             ; 6     ; Signed Integer                         ;
; s7             ; 7     ; Signed Integer                         ;
; s8             ; 8     ; Signed Integer                         ;
+----------------+-------+----------------------------------------+
Note: In order to hide this table in the UI and the text report file, please set the "Show Parameter Settings in Synthesis Report" option in "Analysis and Synthesis Settings -> More Settings" to "Off".


+-------------------------------------------------------------------+
; Parameter Settings for User Entity Instance: seq_generator_2:gen2 ;
+----------------+-------+------------------------------------------+
; Parameter Name ; Value ; Type                                     ;
+----------------+-------+------------------------------------------+
; s0             ; 0     ; Signed Integer                           ;
; s1             ; 1     ; Signed Integer                           ;
; s2             ; 2     ; Signed Integer                           ;
; s3             ; 3     ; Signed Integer                           ;
; s4             ; 4     ; Signed Integer                           ;
; s5             ; 5     ; Signed Integer                           ;
; s6             ; 6     ; Signed Integer                           ;
; s7             ; 7     ; Signed Integer                           ;
; s8             ; 8     ; Signed Integer                           ;
+----------------+-------+------------------------------------------+
Note: In order to hide this table in the UI and the text report file, please set the "Show Parameter Settings in Synthesis Report" option in "Analysis and Synthesis Settings -> More Settings" to "Off".


+--------------------------------------------------------------------+
; Parameter Settings for User Entity Instance: seq_detector:detector ;
+----------------+-------+-------------------------------------------+
; Parameter Name ; Value ; Type                                      ;
+----------------+-------+-------------------------------------------+
; s0             ; 0     ; Signed Integer                            ;
; s1             ; 1     ; Signed Integer                            ;
; s2             ; 2     ; Signed Integer                            ;
; s3             ; 3     ; Signed Integer                            ;
; s4             ; 4     ; Signed Integer                            ;
; s5             ; 5     ; Signed Integer                            ;
; s6             ; 6     ; Signed Integer                            ;
; s7             ; 7     ; Signed Integer                            ;
; s8             ; 8     ; Signed Integer                            ;
; s9             ; 9     ; Signed Integer                            ;
+----------------+-------+-------------------------------------------+
Note: In order to hide this table in the UI and the text report file, please set the "Show Parameter Settings in Synthesis Report" option in "Analysis and Synthesis Settings -> More Settings" to "Off".


+-------------------------------+
; Elapsed Time Per Partition    ;
+----------------+--------------+
; Partition Name ; Elapsed Time ;
+----------------+--------------+
; Top            ; 00:00:00     ;
+----------------+--------------+


+-------------------------------+
; Analysis & Synthesis Messages ;
+-------------------------------+
Info: *******************************************************************
Info: Running Quartus II 64-Bit Analysis & Synthesis
    Info: Version 13.0.1 Build 232 06/12/2013 Service Pack 1 SJ Full Version
    Info: Processing started: Mon Oct 28 14:28:15 2024
Info: Command: quartus_map --read_settings_files=on --write_settings_files=off FPGA_EXP3 -c FPGA_EXP3
Info (11104): Parallel Compilation has detected 16 hyper-threaded processors. However, the extra hyper-threaded processors will not be used by default. Parallel Compilation will use 12 of the 12 physical processors detected instead.
Warning (12125): Using design file fpga_exp3.v, which is not specified as a design file for the current project, but contains definitions for 6 design units and 6 entities in project
    Info (12023): Found entity 1: FPGA_EXP3
    Info (12023): Found entity 2: seq_generator
    Info (12023): Found entity 3: seq_generator_2
    Info (12023): Found entity 4: choose2_1
    Info (12023): Found entity 5: seq_detector
    Info (12023): Found entity 6: div50MHZ
Info (12127): Elaborating entity "FPGA_EXP3" for the top level hierarchy
Info (12128): Elaborating entity "div50MHZ" for hierarchy "div50MHZ:div"
Info (12128): Elaborating entity "seq_generator" for hierarchy "seq_generator:gen1"
Info (12128): Elaborating entity "seq_generator_2" for hierarchy "seq_generator_2:gen2"
Info (12128): Elaborating entity "choose2_1" for hierarchy "choose2_1:choose"
Info (12128): Elaborating entity "seq_detector" for hierarchy "seq_detector:detector"
Info (286030): Timing-Driven Synthesis is running
Info (17049): 10 registers lost all their fanouts during netlist optimizations.
Info (16010): Generating hard_block partition "hard_block:auto_generated_inst"
    Info (16011): Adding 0 node(s), including 0 DDIO, 0 PLL, 0 transceiver and 0 LCELL
Info (21057): Implemented 82 device resources after synthesis - the final resource count might be different
    Info (21058): Implemented 3 input pins
    Info (21059): Implemented 5 output pins
    Info (21061): Implemented 74 logic cells
Info: Quartus II 64-Bit Analysis & Synthesis was successful. 0 errors, 1 warning
    Info: Peak virtual memory: 4679 megabytes
    Info: Processing ended: Mon Oct 28 14:28:17 2024
    Info: Elapsed time: 00:00:02
    Info: Total CPU time (on all processors): 00:00:01


