\BOOKMARK [1][-]{section.1}{\376\377\173\054\116\000\220\350\122\006\000\040\000\040\176\374\124\010\213\276\213\241\166\356\166\204}{}% 1
\BOOKMARK [1][-]{section.2}{\376\377\173\054\116\214\220\350\122\006\000\040\000\040\176\374\124\010\213\276\213\241\121\205\133\271}{}% 2
\BOOKMARK [1][-]{section.3}{\376\377\173\054\116\011\220\350\122\006\000\040\000\040\127\372\170\100\173\227\154\325\220\350\122\006}{}% 3
\BOOKMARK [2][-]{subsection.3.1}{\376\377\000A\000S\000K\117\341\123\367\214\003\122\066\173\227\154\325\166\204\213\276\213\241\116\016\133\236\163\260}{section.3}% 4
\BOOKMARK [2][-]{subsection.3.2}{\376\377\000A\000S\000K\117\341\123\367\211\343\214\003\173\227\154\325\166\204\213\276\213\241\116\016\133\236\163\260}{section.3}% 5
\BOOKMARK [2][-]{subsection.3.3}{\376\377\000C\000R\000C\177\026\170\001\166\204\213\276\213\241\116\016\133\236\163\260}{section.3}% 6
\BOOKMARK [2][-]{subsection.3.4}{\376\377\154\111\146\016\170\001\166\204\177\026\170\001\116\016\211\343\170\001}{section.3}% 7
\BOOKMARK [2][-]{subsection.3.5}{\376\377\137\252\163\257\170\001\166\204\177\026\170\001\116\016\211\343\170\001}{section.3}% 8
\BOOKMARK [1][-]{section.4}{\376\377\173\054\126\333\220\350\122\006\000\040\000\040\176\374\124\010\213\276\213\241\220\350\122\006}{}% 9
\BOOKMARK [2][-]{subsection.4.1}{\376\377\174\373\176\337\140\073\117\123\176\304\142\020\116\016\143\317\217\360}{section.4}% 10
\BOOKMARK [2][-]{subsection.4.2}{\376\377\174\373\176\337\124\004\176\304\142\020\152\041\127\127\122\237\200\375\122\006\147\220}{section.4}% 11
\BOOKMARK [3][-]{subsubsection.4.2.1}{\376\377\117\341\156\220\177\026\170\001}{subsection.4.2}% 12
\BOOKMARK [3][-]{subsubsection.4.2.2}{\376\377\145\160\143\156\122\006\136\047}{subsection.4.2}% 13
\BOOKMARK [3][-]{subsubsection.4.2.3}{\376\377\122\240\000C\000R\000C}{subsection.4.2}% 14
\BOOKMARK [3][-]{subsubsection.4.2.4}{\376\377\117\341\220\123\177\026\170\001}{subsection.4.2}% 15
\BOOKMARK [3][-]{subsubsection.4.2.5}{\376\377\122\240\124\014\153\145\170\001}{subsection.4.2}% 16
\BOOKMARK [3][-]{subsubsection.4.2.6}{\376\377\116\012\221\307\150\067}{subsection.4.2}% 17
\BOOKMARK [3][-]{subsubsection.4.2.7}{\376\377\000A\000S\000K\214\003\122\066}{subsection.4.2}% 18
\BOOKMARK [3][-]{subsubsection.4.2.8}{\376\377\117\341\220\123}{subsection.4.2}% 19
\BOOKMARK [3][-]{subsubsection.4.2.9}{\376\377\000A\000S\000K\211\343\214\003}{subsection.4.2}% 20
\BOOKMARK [3][-]{subsubsection.4.2.10}{\376\377\136\047\124\014\153\145}{subsection.4.2}% 21
\BOOKMARK [3][-]{subsubsection.4.2.11}{\376\377\142\275\150\067\122\044\121\263}{subsection.4.2}% 22
\BOOKMARK [3][-]{subsubsection.4.2.12}{\376\377\123\273\124\014\153\145\170\001}{subsection.4.2}% 23
\BOOKMARK [3][-]{subsubsection.4.2.13}{\376\377\117\341\220\123\213\321\170\001}{subsection.4.2}% 24
\BOOKMARK [3][-]{subsubsection.4.2.14}{\376\377\000C\000R\000C\150\041\232\214}{subsection.4.2}% 25
\BOOKMARK [3][-]{subsubsection.4.2.15}{\376\377\145\160\143\156\176\304\136\047}{subsection.4.2}% 26
\BOOKMARK [3][-]{subsubsection.4.2.16}{\376\377\117\341\156\220\213\321\170\001}{subsection.4.2}% 27
\BOOKMARK [2][-]{subsection.4.3}{\376\377\174\373\176\337\217\320\210\114\176\323\147\234\122\006\147\220}{section.4}% 28
\BOOKMARK [3][-]{subsubsection.4.3.1}{\376\377\116\015\124\014\174\173\127\213\145\160\143\156\156\220\133\371\117\040\217\223\166\204\137\161\124\315}{subsection.4.3}% 29
\BOOKMARK [3][-]{subsubsection.4.3.2}{\376\377\116\015\124\014\000C\000R\000C\133\371\117\040\217\223\166\204\137\161\124\315}{subsection.4.3}% 30
\BOOKMARK [3][-]{subsubsection.4.3.3}{\376\377\116\015\124\014\177\026\170\001\145\271\137\017\133\371\117\040\217\223\166\204\137\161\124\315}{subsection.4.3}% 31
\BOOKMARK [1][-]{section.5}{\376\377\173\054\116\224\220\350\122\006\000\040\000\040\145\066\203\267\116\016\117\123\117\032}{}% 32
